# JRE version: Java(TM) SE Runtime Environment (17.0.9+11) (build 17.0.9+11-LTS-201)
# Java VM: Java HotSpot(TM) 64-Bit Server VM (17.0.9+11-LTS-201, mixed mode, sharing, tiered, compressed oops, compressed class ptrs, g1 gc, windows-amd64)
GC Precious Log:
 CPUs: 12 total, 12 available
 Memory: 15740M
 Large Page Support: Disabled
 NUMA Support: Disabled
 Compressed Oops: Enabled (Zero based)
 Heap Region Size: 2M
 Heap Min Capacity: 8M
 Heap Initial Capacity: 246M
 Heap Max Capacity: 3936M
 Pre-touch: Disabled
 Parallel Workers: 10
 Concurrent Workers: 3
 Concurrent Refinement Workers: 10
 Periodic GC: Disabled
Heap:
 garbage-first heap   total 151552K, used 95875K [0x000000070a000000, 0x0000000800000000)
  region size 2048K, 21 young (43008K), 1 survivors (2048K)
 Metaspace       used 38042K, committed 38400K, reserved 1114112K
  class space    used 4330K, committed 4544K, reserved 1048576K
GC Heap History (20 events):
Event: 5.643 GC heap before
{Heap before GC invocations=7 (full 0):
 garbage-first heap   total 49152K, used 31594K [0x000000070a000000, 0x0000000800000000)
  region size 2048K, 10 young (20480K), 2 survivors (4096K)
 Metaspace       used 23419K, committed 23616K, reserved 1114112K
  class space    used 2786K, committed 2880K, reserved 1048576K
}
Event: 5.647 GC heap after
{Heap after GC invocations=8 (full 0):
 garbage-first heap   total 49152K, used 16251K [0x000000070a000000, 0x0000000800000000)
  region size 2048K, 2 young (4096K), 2 survivors (4096K)
 Metaspace       used 23419K, committed 23616K, reserved 1114112K
  class space    used 2786K, committed 2880K, reserved 1048576K
}
Event: 7.447 GC heap before
{Heap before GC invocations=8 (full 0):
 garbage-first heap   total 49152K, used 30587K [0x000000070a000000, 0x0000000800000000)
  region size 2048K, 10 young (20480K), 2 survivors (4096K)
 Metaspace       used 23600K, committed 23872K, reserved 1114112K
  class space    used 2788K, committed 2880K, reserved 1048576K
}
Event: 7.450 GC heap after
{Heap after GC invocations=9 (full 0):
 garbage-first heap   total 49152K, used 16904K [0x000000070a000000, 0x0000000800000000)
  region size 2048K, 1 young (2048K), 1 survivors (2048K)
 Metaspace       used 23600K, committed 23872K, reserved 1114112K
  class space    used 2788K, committed 2880K, reserved 1048576K
}
Event: 8.510 GC heap before
{Heap before GC invocations=9 (full 0):
 garbage-first heap   total 49152K, used 35336K [0x000000070a000000, 0x0000000800000000)
  region size 2048K, 10 young (20480K), 1 survivors (2048K)
 Metaspace       used 23903K, committed 24128K, reserved 1114112K
  class space    used 2791K, committed 2880K, reserved 1048576K
}
Event: 8.512 GC heap after
{Heap after GC invocations=10 (full 0):
 garbage-first heap   total 49152K, used 17448K [0x000000070a000000, 0x0000000800000000)
  region size 2048K, 2 young (4096K), 2 survivors (4096K)
 Metaspace       used 23903K, committed 24128K, reserved 1114112K
  class space    used 2791K, committed 2880K, reserved 1048576K
}
Event: 9.174 GC heap before
{Heap before GC invocations=10 (full 0):
 garbage-first heap   total 49152K, used 33832K [0x000000070a000000, 0x0000000800000000)
  region size 2048K, 10 young (20480K), 2 survivors (4096K)
 Metaspace       used 24026K, committed 24192K, reserved 1114112K
  class space    used 2792K, committed 2880K, reserved 1048576K
}
Event: 9.177 GC heap after
{Heap after GC invocations=11 (full 0):
 garbage-first heap   total 49152K, used 18761K [0x000000070a000000, 0x0000000800000000)
  region size 2048K, 2 young (4096K), 2 survivors (4096K)
 Metaspace       used 24026K, committed 24192K, reserved 1114112K
  class space    used 2792K, committed 2880K, reserved 1048576K
}
Event: 9.265 GC heap before
{Heap before GC invocations=11 (full 0):
 garbage-first heap   total 49152K, used 35145K [0x000000070a000000, 0x0000000800000000)
  region size 2048K, 10 young (20480K), 2 survivors (4096K)
 Metaspace       used 24138K, committed 24384K, reserved 1114112K
  class space    used 2792K, committed 2880K, reserved 1048576K
}
Event: 9.268 GC heap after
{Heap after GC invocations=12 (full 0):
 garbage-first heap   total 49152K, used 18874K [0x000000070a000000, 0x0000000800000000)
  region size 2048K, 2 young (4096K), 2 survivors (4096K)
 Metaspace       used 24138K, committed 24384K, reserved 1114112K
  class space    used 2792K, committed 2880K, reserved 1048576K
}
Event: 9.355 GC heap before
{Heap before GC invocations=12 (full 0):
 garbage-first heap   total 49152K, used 33210K [0x000000070a000000, 0x0000000800000000)
  region size 2048K, 10 young (20480K), 2 survivors (4096K)
 Metaspace       used 24231K, committed 24448K, reserved 1114112K
  class space    used 2793K, committed 2880K, reserved 1048576K
}
Event: 9.358 GC heap after
{Heap after GC invocations=13 (full 0):
 garbage-first heap   total 49152K, used 19219K [0x000000070a000000, 0x0000000800000000)
  region size 2048K, 1 young (2048K), 1 survivors (2048K)
 Metaspace       used 24231K, committed 24448K, reserved 1114112K
  class space    used 2793K, committed 2880K, reserved 1048576K
}
Event: 9.473 GC heap before
{Heap before GC invocations=13 (full 0):
 garbage-first heap   total 49152K, used 37651K [0x000000070a000000, 0x0000000800000000)
  region size 2048K, 10 young (20480K), 1 survivors (2048K)
 Metaspace       used 24321K, committed 24512K, reserved 1114112K
  class space    used 2794K, committed 2880K, reserved 1048576K
}
Event: 9.475 GC heap after
{Heap after GC invocations=14 (full 0):
 garbage-first heap   total 151552K, used 19999K [0x000000070a000000, 0x0000000800000000)
  region size 2048K, 2 young (4096K), 2 survivors (4096K)
 Metaspace       used 24321K, committed 24512K, reserved 1114112K
  class space    used 2794K, committed 2880K, reserved 1048576K
}
Event: 13.010 GC heap before
{Heap before GC invocations=14 (full 0):
 garbage-first heap   total 151552K, used 108063K [0x000000070a000000, 0x0000000800000000)
  region size 2048K, 44 young (90112K), 2 survivors (4096K)
 Metaspace       used 28334K, committed 28608K, reserved 1114112K
  class space    used 3213K, committed 3328K, reserved 1048576K
}
Event: 13.016 GC heap after
{Heap after GC invocations=15 (full 0):
 garbage-first heap   total 151552K, used 27050K [0x000000070a000000, 0x0000000800000000)
  region size 2048K, 4 young (8192K), 4 survivors (8192K)
 Metaspace       used 28334K, committed 28608K, reserved 1114112K
  class space    used 3213K, committed 3328K, reserved 1048576K
}
Event: 13.786 GC heap before
{Heap before GC invocations=15 (full 0):
 garbage-first heap   total 151552K, used 108970K [0x000000070a000000, 0x0000000800000000)
  region size 2048K, 44 young (90112K), 4 survivors (8192K)
 Metaspace       used 35096K, committed 35456K, reserved 1114112K
  class space    used 3990K, committed 4160K, reserved 1048576K
}
Event: 13.803 GC heap after
{Heap after GC invocations=16 (full 0):
 garbage-first heap   total 151552K, used 56440K [0x000000070a000000, 0x0000000800000000)
  region size 2048K, 6 young (12288K), 6 survivors (12288K)
 Metaspace       used 35096K, committed 35456K, reserved 1114112K
  class space    used 3990K, committed 4160K, reserved 1048576K
}
Event: 14.006 GC heap before
{Heap before GC invocations=16 (full 0):
 garbage-first heap   total 151552K, used 72824K [0x000000070a000000, 0x0000000800000000)
  region size 2048K, 15 young (30720K), 6 survivors (12288K)
 Metaspace       used 35803K, committed 36096K, reserved 1114112K
  class space    used 4079K, committed 4224K, reserved 1048576K
}
Event: 14.012 GC heap after
{Heap after GC invocations=17 (full 0):
 garbage-first heap   total 151552K, used 59011K [0x000000070a000000, 0x0000000800000000)
  region size 2048K, 1 young (2048K), 1 survivors (2048K)
 Metaspace       used 35803K, committed 36096K, reserved 1114112K
  class space    used 4079K, committed 4224K, reserved 1048576K
}

