# JRE version: Java(TM) SE Runtime Environment (17.0.9+11) (build 17.0.9+11-LTS-201)
# Java VM: Java HotSpot(TM) 64-Bit Server VM (17.0.9+11-LTS-201, mixed mode, emulated-client, sharing, tiered, compressed oops, compressed class ptrs, g1 gc, windows-amd64)
GC Precious Log:
 CPUs: 12 total, 12 available
 Memory: 15740M
 Large Page Support: Disabled
 NUMA Support: Disabled
 Compressed Oops: Enabled (Zero based)
 Heap Region Size: 2M
 Heap Min Capacity: 8M
 Heap Initial Capacity: 246M
 Heap Max Capacity: 3936M
 Pre-touch: Disabled
 Parallel Workers: 10
 Concurrent Workers: 3
 Concurrent Refinement Workers: 10
 Periodic GC: Disabled
Heap:
 garbage-first heap   total 75776K, used 58422K [0x000000070a000000, 0x0000000800000000)
  region size 2048K, 17 young (34816K), 3 survivors (6144K)
 Metaspace       used 57321K, committed 57792K, reserved 1114112K
  class space    used 8125K, committed 8320K, reserved 1048576K
GC Heap History (20 events):
Event: 0.535 GC heap before
{Heap before GC invocations=1 (full 0):
 garbage-first heap   total 251904K, used 30447K [0x000000070a000000, 0x0000000800000000)
  region size 2048K, 12 young (24576K), 2 survivors (4096K)
 Metaspace       used 7166K, committed 7488K, reserved 1114112K
  class space    used 1010K, committed 1152K, reserved 1048576K
}
Event: 0.537 GC heap after
{Heap after GC invocations=2 (full 0):
 garbage-first heap   total 251904K, used 10917K [0x000000070a000000, 0x0000000800000000)
  region size 2048K, 1 young (2048K), 1 survivors (2048K)
 Metaspace       used 7166K, committed 7488K, reserved 1114112K
  class space    used 1010K, committed 1152K, reserved 1048576K
}
Event: 0.898 GC heap before
{Heap before GC invocations=2 (full 0):
 garbage-first heap   total 251904K, used 62117K [0x000000070a000000, 0x0000000800000000)
  region size 2048K, 27 young (55296K), 1 survivors (2048K)
 Metaspace       used 16700K, committed 16896K, reserved 1114112K
  class space    used 2262K, committed 2368K, reserved 1048576K
}
Event: 0.902 GC heap after
{Heap after GC invocations=3 (full 0):
 garbage-first heap   total 251904K, used 15613K [0x000000070a000000, 0x0000000800000000)
  region size 2048K, 3 young (6144K), 3 survivors (6144K)
 Metaspace       used 16700K, committed 16896K, reserved 1114112K
  class space    used 2262K, committed 2368K, reserved 1048576K
}
Event: 1.314 GC heap before
{Heap before GC invocations=3 (full 0):
 garbage-first heap   total 251904K, used 52477K [0x000000070a000000, 0x0000000800000000)
  region size 2048K, 22 young (45056K), 3 survivors (6144K)
 Metaspace       used 21148K, committed 21504K, reserved 1114112K
  class space    used 2956K, committed 3136K, reserved 1048576K
}
Event: 1.317 GC heap after
{Heap after GC invocations=4 (full 0):
 garbage-first heap   total 251904K, used 18023K [0x000000070a000000, 0x0000000800000000)
  region size 2048K, 5 young (10240K), 5 survivors (10240K)
 Metaspace       used 21148K, committed 21504K, reserved 1114112K
  class space    used 2956K, committed 3136K, reserved 1048576K
}
Event: 1.685 GC heap before
{Heap before GC invocations=5 (full 0):
 garbage-first heap   total 75776K, used 52839K [0x000000070a000000, 0x0000000800000000)
  region size 2048K, 22 young (45056K), 5 survivors (10240K)
 Metaspace       used 26994K, committed 27456K, reserved 1114112K
  class space    used 3749K, committed 3968K, reserved 1048576K
}
Event: 1.690 GC heap after
{Heap after GC invocations=6 (full 0):
 garbage-first heap   total 75776K, used 20834K [0x000000070a000000, 0x0000000800000000)
  region size 2048K, 3 young (6144K), 3 survivors (6144K)
 Metaspace       used 26994K, committed 27456K, reserved 1114112K
  class space    used 3749K, committed 3968K, reserved 1048576K
}
Event: 1.698 GC heap before
{Heap before GC invocations=6 (full 0):
 garbage-first heap   total 75776K, used 22882K [0x000000070a000000, 0x0000000800000000)
  region size 2048K, 4 young (8192K), 3 survivors (6144K)
 Metaspace       used 27070K, committed 27520K, reserved 1114112K
  class space    used 3756K, committed 3968K, reserved 1048576K
}
Event: 1.701 GC heap after
{Heap after GC invocations=7 (full 0):
 garbage-first heap   total 75776K, used 21731K [0x000000070a000000, 0x0000000800000000)
  region size 2048K, 1 young (2048K), 1 survivors (2048K)
 Metaspace       used 27070K, committed 27520K, reserved 1114112K
  class space    used 3756K, committed 3968K, reserved 1048576K
}
Event: 2.020 GC heap before
{Heap before GC invocations=7 (full 0):
 garbage-first heap   total 75776K, used 46307K [0x000000070a000000, 0x0000000800000000)
  region size 2048K, 14 young (28672K), 1 survivors (2048K)
 Metaspace       used 35515K, committed 35968K, reserved 1114112K
  class space    used 4804K, committed 5056K, reserved 1048576K
}
Event: 2.022 GC heap after
{Heap after GC invocations=8 (full 0):
 garbage-first heap   total 75776K, used 23032K [0x000000070a000000, 0x0000000800000000)
  region size 2048K, 2 young (4096K), 2 survivors (4096K)
 Metaspace       used 35515K, committed 35968K, reserved 1114112K
  class space    used 4804K, committed 5056K, reserved 1048576K
}
Event: 2.289 GC heap before
{Heap before GC invocations=9 (full 0):
 garbage-first heap   total 75776K, used 51704K [0x000000070a000000, 0x0000000800000000)
  region size 2048K, 16 young (32768K), 2 survivors (4096K)
 Metaspace       used 41088K, committed 41536K, reserved 1114112K
  class space    used 5718K, committed 5952K, reserved 1048576K
}
Event: 2.292 GC heap after
{Heap after GC invocations=10 (full 0):
 garbage-first heap   total 75776K, used 24505K [0x000000070a000000, 0x0000000800000000)
  region size 2048K, 1 young (2048K), 1 survivors (2048K)
 Metaspace       used 41088K, committed 41536K, reserved 1114112K
  class space    used 5718K, committed 5952K, reserved 1048576K
}
Event: 2.597 GC heap before
{Heap before GC invocations=10 (full 0):
 garbage-first heap   total 75776K, used 55225K [0x000000070a000000, 0x0000000800000000)
  region size 2048K, 16 young (32768K), 1 survivors (2048K)
 Metaspace       used 48617K, committed 49088K, reserved 1114112K
  class space    used 6870K, committed 7104K, reserved 1048576K
}
Event: 2.599 GC heap after
{Heap after GC invocations=11 (full 0):
 garbage-first heap   total 75776K, used 25716K [0x000000070a000000, 0x0000000800000000)
  region size 2048K, 2 young (4096K), 2 survivors (4096K)
 Metaspace       used 48617K, committed 49088K, reserved 1114112K
  class space    used 6870K, committed 7104K, reserved 1048576K
}
Event: 2.891 GC heap before
{Heap before GC invocations=11 (full 0):
 garbage-first heap   total 75776K, used 54388K [0x000000070a000000, 0x0000000800000000)
  region size 2048K, 16 young (32768K), 2 survivors (4096K)
 Metaspace       used 54133K, committed 54656K, reserved 1114112K
  class space    used 7667K, committed 7936K, reserved 1048576K
}
Event: 2.893 GC heap after
{Heap after GC invocations=12 (full 0):
 garbage-first heap   total 75776K, used 27455K [0x000000070a000000, 0x0000000800000000)
  region size 2048K, 2 young (4096K), 2 survivors (4096K)
 Metaspace       used 54133K, committed 54656K, reserved 1114112K
  class space    used 7667K, committed 7936K, reserved 1048576K
}
Event: 3.150 GC heap before
{Heap before GC invocations=12 (full 0):
 garbage-first heap   total 75776K, used 58175K [0x000000070a000000, 0x0000000800000000)
  region size 2048K, 17 young (34816K), 2 survivors (4096K)
 Metaspace       used 56983K, committed 57536K, reserved 1114112K
  class space    used 8086K, committed 8320K, reserved 1048576K
}
Event: 3.153 GC heap after
{Heap after GC invocations=13 (full 0):
 garbage-first heap   total 75776K, used 29750K [0x000000070a000000, 0x0000000800000000)
  region size 2048K, 3 young (6144K), 3 survivors (6144K)
 Metaspace       used 56983K, committed 57536K, reserved 1114112K
  class space    used 8086K, committed 8320K, reserved 1048576K
}

